<?xml version="1.0" encoding="UTF-8"?>
<!-- Generated by org.testng.reporters.JUnitReportReporter -->
<testsuite hostname="ayush_dell" failures="0" tests="1" name="ayushtesting.AppiumTesting.ecommerce_testcase1" time="16.811" errors="0" timestamp="2024-04-16T12:32:57 IST" skipped="0">
  <testcase classname="ayushtesting.AppiumTesting.ecommerce_testcase1" name="fillform" time="16.811"/>
</testsuite> <!-- ayushtesting.AppiumTesting.ecommerce_testcase1 -->
