<?xml version="1.0" encoding="UTF-8"?>
<!-- Generated by org.testng.reporters.JUnitReportReporter -->
<testsuite hostname="ayush_dell" failures="0" tests="1" name="ayushtesting.AppiumTesting.ecommerce_testcase4_hybrid" time="93.783" errors="0" timestamp="2024-04-22T20:11:29 IST" skipped="0">
  <testcase classname="ayushtesting.AppiumTesting.ecommerce_testcase4_hybrid" name="fillform" time="93.783"/>
</testsuite> <!-- ayushtesting.AppiumTesting.ecommerce_testcase4_hybrid -->
