<?xml version="1.0" encoding="UTF-8"?>
<!-- Generated by org.testng.reporters.JUnitReportReporter -->
<testsuite hostname="ayush_dell" failures="0" tests="1" name="ayushtesting.AppiumTesting.ecommerce_testcase5_for_browser_testing" time="9.445" errors="0" timestamp="2024-04-22T22:19:29 IST" skipped="0">
  <testcase classname="ayushtesting.AppiumTesting.ecommerce_testcase5_for_browser_testing" name="browsertest" time="9.445"/>
</testsuite> <!-- ayushtesting.AppiumTesting.ecommerce_testcase5_for_browser_testing -->
