<?xml version="1.0" encoding="UTF-8"?>
<!-- Generated by org.testng.reporters.JUnitReportReporter -->
<testsuite hostname="ayush_dell" failures="0" tests="1" name="ayushtesting.AppiumTesting.SwipeFunctionality" time="8.592" errors="0" timestamp="2024-04-14T22:09:23 IST" skipped="0">
  <testcase classname="ayushtesting.AppiumTesting.SwipeFunctionality" name="appiumtest" time="8.592"/>
</testsuite> <!-- ayushtesting.AppiumTesting.SwipeFunctionality -->
