<?xml version="1.0" encoding="UTF-8"?>
<!-- Generated by org.testng.reporters.JUnitReportReporter -->
<testsuite hostname="ayush_dell" failures="0" tests="1" name="ayushtesting.AppiumTesting.LongPress" time="18.691" errors="0" timestamp="2024-04-14T17:56:19 IST" skipped="0">
  <testcase classname="ayushtesting.AppiumTesting.LongPress" name="appiumtest" time="18.691"/>
</testsuite> <!-- ayushtesting.AppiumTesting.LongPress -->
