<?xml version="1.0" encoding="UTF-8"?>
<!-- Generated by org.testng.reporters.JUnitReportReporter -->
<testsuite hostname="ayush_dell" failures="0" tests="1" name="ayushtesting.AppiumTesting.ecommerce_testcase2" time="43.653" errors="0" timestamp="2024-04-16T21:38:14 IST" skipped="0">
  <testcase classname="ayushtesting.AppiumTesting.ecommerce_testcase2" name="fillform" time="43.653"/>
</testsuite> <!-- ayushtesting.AppiumTesting.ecommerce_testcase2 -->
