<?xml version="1.0" encoding="UTF-8"?>
<!-- Generated by org.testng.reporters.JUnitReportReporter -->
<testsuite hostname="ayush_dell" failures="0" tests="1" name="ayushtesting.AppiumTesting.ecommerce_testcase3" time="44.955" errors="0" timestamp="2024-04-22T17:47:02 IST" skipped="0">
  <testcase classname="ayushtesting.AppiumTesting.ecommerce_testcase3" name="fillform" time="44.955"/>
</testsuite> <!-- ayushtesting.AppiumTesting.ecommerce_testcase3 -->
