<?xml version="1.0" encoding="UTF-8"?>
<!-- Generated by org.testng.reporters.JUnitReportReporter -->
<testsuite hostname="ayush_dell" failures="0" tests="1" name="ayushtesting.AppiumTesting.AppiumBasics" time="8.152" errors="0" timestamp="2024-04-13T18:42:51 IST" skipped="0">
  <testcase classname="ayushtesting.AppiumTesting.AppiumBasics" name="appiumtest" time="8.152"/>
</testsuite> <!-- ayushtesting.AppiumTesting.AppiumBasics -->
