<?xml version="1.0" encoding="UTF-8"?>
<!-- Generated by org.testng.reporters.JUnitReportReporter -->
<testsuite hostname="ayush_dell" failures="0" tests="1" name="ayushtesting.AppiumTesting.Miscellaneous" time="12.858" errors="0" timestamp="2024-04-15T12:34:39 IST" skipped="0">
  <testcase classname="ayushtesting.AppiumTesting.Miscellaneous" name="appiumtest" time="12.858"/>
</testsuite> <!-- ayushtesting.AppiumTesting.Miscellaneous -->
