<?xml version="1.0" encoding="UTF-8"?>
<!-- Generated by org.testng.reporters.JUnitReportReporter -->
<testsuite hostname="ayush_dell" failures="0" tests="1" name="ayushtesting.AppiumTesting.ScrollFunctionality" time="33.167" errors="0" timestamp="2024-04-14T19:21:13 IST" skipped="0">
  <testcase classname="ayushtesting.AppiumTesting.ScrollFunctionality" name="appiumtest" time="33.167"/>
</testsuite> <!-- ayushtesting.AppiumTesting.ScrollFunctionality -->
