<?xml version="1.0" encoding="UTF-8"?>
<!-- Generated by org.testng.reporters.JUnitReportReporter -->
<testsuite hostname="ayush_dell" failures="0" tests="1" name="ayushtesting.AppiumTesting.AppPackageAndActivity" time="9.826" errors="0" timestamp="2024-04-15T18:37:17 IST" skipped="0">
  <testcase classname="ayushtesting.AppiumTesting.AppPackageAndActivity" name="appiumtest" time="9.826"/>
</testsuite> <!-- ayushtesting.AppiumTesting.AppPackageAndActivity -->
