<?xml version="1.0" encoding="UTF-8"?>
<!-- Generated by org.testng.reporters.JUnitReportReporter -->
<testsuite hostname="ayush_dell" failures="0" tests="1" name="ayushtesting.AppiumTesting.DragAndDrop" time="10.582" errors="0" timestamp="2024-04-15T11:40:03 IST" skipped="0">
  <testcase classname="ayushtesting.AppiumTesting.DragAndDrop" name="appiumtest" time="10.582"/>
</testsuite> <!-- ayushtesting.AppiumTesting.DragAndDrop -->
